[2026-05-20--12-00-48 INFO actix_server::builder] starting 5 workers
[2026-05-20--12-00-48 INFO actix_server::server] Tokio runtime found; starting in existing Tokio runtime
[2026-05-20--12-00-48 INFO actix_server::server] starting service: "actix-web-service-127.0.0.1:18488", workers: 5, listening on: 127.0.0.1:18488
[2026-05-20--12-00-49 INFO parity_ws] Listening for new connections on 127.0.0.1:8900.
[2026-05-20--12-00-56 INFO txtx::svm::deploy_program] [Recovery Instructions] - An ephemeral authority account will be created and funded to write to the buffer account.
[2026-05-20--12-00-56 INFO txtx::svm::deploy_program] [Recovery Instructions] - Please save the following information in case the deployment fails and the account needs to be recovered:
[2026-05-20--12-00-56 INFO txtx::svm::deploy_program] [Recovery Instructions] - Ephemeral authority public key: B3uJPSQEjrU5V8v6MpF3fNj71hsALzrDA83Up9F8Hxdb
[2026-05-20--12-00-56 INFO txtx::svm::deploy_program] [Recovery Instructions] - Ephemeral authority secret key: [3, 221, 19, 100, 143, 67, 146, 123, 82, 20, 151, 173, 236, 147, 152, 218, 238, 111, 78, 208, 115, 151, 204, 118, 123, 76, 164, 107, 187, 38, 161, 147, 149, 83, 42, 154, 196, 102, 71, 42, 66, 100, 206, 67, 201, 33, 167, 131, 79, 238, 107, 109, 52, 77, 71, 190, 209, 168, 245, 196, 4, 43, 154, 54]
[2026-05-20--12-00-58 INFO txtx::svm::deploy_program] Account Created - Ephemeral authority account created and funded to write to buffer
[2026-05-20--12-00-58 INFO txtx::svm::deploy_program] [Recovery Instructions] - Creating program buffer account at pubkey CophZoWW9X7fhEiAiMcHHEaHVqRTpB6NCzCHXhbEAkVQ
[2026-05-20--12-00-58 INFO txtx::svm::deploy_program] Account Created - Program buffer account created
[2026-05-20--12-01-15 INFO txtx::svm::deploy_program] Buffer Ready - Writing to buffer account is complete
[2026-05-20--12-01-21 INFO txtx::svm::deploy_program] Program Created - Program 97CULumuehCLe4rxT7fHJQje49QT2NC3T6zTmtEBSDRj has been deployed
[2026-05-20--12-01-22 INFO txtx::svm::deploy_program] Complete - Ephemeral authority account closed and leftover funds returned to payer
[2026-05-20--15-02-57 INFO actix_server::accept] accept thread stopped
[2026-05-20--15-02-57 INFO actix_server::worker] shutting down idle worker
[2026-05-20--15-02-57 INFO actix_server::worker] shutting down idle worker
[2026-05-20--15-02-57 INFO actix_server::worker] shutting down idle worker
[2026-05-20--15-02-57 INFO actix_server::worker] shutting down idle worker
[2026-05-20--15-02-57 INFO actix_server::worker] shutting down idle worker
